mode: set
github.com/t98o84/gw/internal/github/pr.go:17.72,19.16 2 1
github.com/t98o84/gw/internal/github/pr.go:19.16,21.3 1 1
github.com/t98o84/gw/internal/github/pr.go:23.2,24.16 2 0
github.com/t98o84/gw/internal/github/pr.go:24.16,26.3 1 0
github.com/t98o84/gw/internal/github/pr.go:28.2,30.16 3 0
github.com/t98o84/gw/internal/github/pr.go:30.16,32.3 1 0
github.com/t98o84/gw/internal/github/pr.go:34.2,34.30 1 0
github.com/t98o84/gw/internal/github/pr.go:38.92,44.72 2 1
github.com/t98o84/gw/internal/github/pr.go:44.72,47.3 2 1
github.com/t98o84/gw/internal/github/pr.go:50.2,51.16 2 1
github.com/t98o84/gw/internal/github/pr.go:51.16,54.17 2 1
github.com/t98o84/gw/internal/github/pr.go:54.17,56.4 1 0
github.com/t98o84/gw/internal/github/pr.go:57.3,57.33 1 1
github.com/t98o84/gw/internal/github/pr.go:60.2,60.94 1 1
github.com/t98o84/gw/internal/github/pr.go:64.51,67.16 3 1
github.com/t98o84/gw/internal/github/pr.go:67.16,69.3 1 1
github.com/t98o84/gw/internal/github/pr.go:71.2,75.65 3 1
github.com/t98o84/gw/internal/github/pr.go:75.65,77.3 1 1
github.com/t98o84/gw/internal/github/pr.go:80.2,81.67 2 0
github.com/t98o84/gw/internal/github/pr.go:81.67,83.3 1 0
github.com/t98o84/gw/internal/github/pr.go:85.2,85.66 1 0
github.com/t98o84/gw/internal/github/pr.go:89.48,92.17 2 1
github.com/t98o84/gw/internal/github/pr.go:92.17,94.3 1 1
github.com/t98o84/gw/internal/github/pr.go:97.2,97.17 1 1
github.com/t98o84/gw/internal/github/pr.go:97.17,100.17 3 1
github.com/t98o84/gw/internal/github/pr.go:100.17,102.4 1 0
github.com/t98o84/gw/internal/github/pr.go:105.2,105.17 1 1
github.com/t98o84/gw/internal/github/pr.go:105.17,107.3 1 1
github.com/t98o84/gw/internal/github/pr.go:109.2,114.34 4 1
